<?xml version="1.0" encoding="UTF-8"?>
<!-- Generated by org.testng.reporters.JUnitReportReporter -->
<testsuite hostname="DESKTOP-DBKJRU1" failures="0" tests="1" name="TestCICE" time="21.330" errors="0" timestamp="22 Mar 2021 12:00:28 GMT">
  <testcase classname="TestCICE" name="Test1" time="21.330"/>
</testsuite> <!-- TestCICE -->
